<?xml version="1.0" encoding="UTF-8"?>
<testsuite name="kdo6301.spring0.Spring0ApplicationTests" tests="1" skipped="0" failures="0" errors="0" timestamp="2023-01-12T08:13:38" hostname="Dw-3.local" time="0.525">
  <properties/>
  <testcase name="contextLoads()" classname="kdo6301.spring0.Spring0ApplicationTests" time="0.525"/>
  <system-out><![CDATA[17:13:34.909 [Test worker] DEBUG org.springframework.test.context.BootstrapUtils - Instantiating CacheAwareContextLoaderDelegate from class [org.springframework.test.context.cache.DefaultCacheAwareContextLoaderDelegate]
17:13:34.930 [Test worker] DEBUG org.springframework.test.context.BootstrapUtils - Instantiating BootstrapContext using constructor [public org.springframework.test.context.support.DefaultBootstrapContext(java.lang.Class,org.springframework.test.context.CacheAwareContextLoaderDelegate)]
17:13:34.984 [Test worker] DEBUG org.springframework.test.context.BootstrapUtils - Instantiating TestContextBootstrapper for test class [kdo6301.spring0.Spring0ApplicationTests] from class [org.springframework.boot.test.context.SpringBootTestContextBootstrapper]
17:13:34.996 [Test worker] INFO org.springframework.boot.test.context.SpringBootTestContextBootstrapper - Neither @ContextConfiguration nor @ContextHierarchy found for test class [kdo6301.spring0.Spring0ApplicationTests], using SpringBootContextLoader
17:13:35.000 [Test worker] DEBUG org.springframework.test.context.support.AbstractContextLoader - Did not detect default resource location for test class [kdo6301.spring0.Spring0ApplicationTests]: class path resource [kdo6301/spring0/Spring0ApplicationTests-context.xml] does not exist
17:13:35.001 [Test worker] DEBUG org.springframework.test.context.support.AbstractContextLoader - Did not detect default resource location for test class [kdo6301.spring0.Spring0ApplicationTests]: class path resource [kdo6301/spring0/Spring0ApplicationTestsContext.groovy] does not exist
17:13:35.001 [Test worker] INFO org.springframework.test.context.support.AbstractContextLoader - Could not detect default resource locations for test class [kdo6301.spring0.Spring0ApplicationTests]: no resource found for suffixes {-context.xml, Context.groovy}.
17:13:35.002 [Test worker] INFO org.springframework.test.context.support.AnnotationConfigContextLoaderUtils - Could not detect default configuration classes for test class [kdo6301.spring0.Spring0ApplicationTests]: Spring0ApplicationTests does not declare any static, non-private, non-final, nested classes annotated with @Configuration.
17:13:35.117 [Test worker] DEBUG org.springframework.test.context.support.ActiveProfilesUtils - Could not find an 'annotation declaring class' for annotation type [org.springframework.test.context.ActiveProfiles] and class [kdo6301.spring0.Spring0ApplicationTests]
17:13:35.189 [Test worker] DEBUG org.springframework.context.annotation.ClassPathScanningCandidateComponentProvider - Identified candidate component class: file [/Users/kdo6301/Desktop/spring0/build/classes/java/main/kdo6301/spring0/Spring0Application.class]
17:13:35.192 [Test worker] INFO org.springframework.boot.test.context.SpringBootTestContextBootstrapper - Found @SpringBootConfiguration kdo6301.spring0.Spring0Application for test class kdo6301.spring0.Spring0ApplicationTests
17:13:35.318 [Test worker] DEBUG org.springframework.boot.test.context.SpringBootTestContextBootstrapper - @TestExecutionListeners is not present for class [kdo6301.spring0.Spring0ApplicationTests]: using defaults.
17:13:35.318 [Test worker] INFO org.springframework.boot.test.context.SpringBootTestContextBootstrapper - Loaded default TestExecutionListener class names from location [META-INF/spring.factories]: [org.springframework.boot.test.autoconfigure.restdocs.RestDocsTestExecutionListener, org.springframework.boot.test.autoconfigure.web.client.MockRestServiceServerResetTestExecutionListener, org.springframework.boot.test.autoconfigure.web.servlet.MockMvcPrintOnlyOnFailureTestExecutionListener, org.springframework.boot.test.autoconfigure.web.servlet.WebDriverTestExecutionListener, org.springframework.boot.test.autoconfigure.webservices.client.MockWebServiceServerTestExecutionListener, org.springframework.boot.test.mock.mockito.MockitoTestExecutionListener, org.springframework.boot.test.mock.mockito.ResetMocksTestExecutionListener, org.springframework.test.context.web.ServletTestExecutionListener, org.springframework.test.context.support.DirtiesContextBeforeModesTestExecutionListener, org.springframework.test.context.event.ApplicationEventsTestExecutionListener, org.springframework.test.context.support.DependencyInjectionTestExecutionListener, org.springframework.test.context.support.DirtiesContextTestExecutionListener, org.springframework.test.context.transaction.TransactionalTestExecutionListener, org.springframework.test.context.jdbc.SqlScriptsTestExecutionListener, org.springframework.test.context.event.EventPublishingTestExecutionListener]
17:13:35.329 [Test worker] DEBUG org.springframework.boot.test.context.SpringBootTestContextBootstrapper - Skipping candidate TestExecutionListener [org.springframework.test.context.transaction.TransactionalTestExecutionListener] due to a missing dependency. Specify custom listener classes or make the default listener classes and their required dependencies available. Offending class: [org/springframework/transaction/TransactionDefinition]
17:13:35.330 [Test worker] DEBUG org.springframework.boot.test.context.SpringBootTestContextBootstrapper - Skipping candidate TestExecutionListener [org.springframework.test.context.jdbc.SqlScriptsTestExecutionListener] due to a missing dependency. Specify custom listener classes or make the default listener classes and their required dependencies available. Offending class: [org/springframework/transaction/interceptor/TransactionAttribute]
17:13:35.330 [Test worker] INFO org.springframework.boot.test.context.SpringBootTestContextBootstrapper - Using TestExecutionListeners: [org.springframework.test.context.web.ServletTestExecutionListener@287f94b1, org.springframework.test.context.support.DirtiesContextBeforeModesTestExecutionListener@30b34287, org.springframework.test.context.event.ApplicationEventsTestExecutionListener@5489c777, org.springframework.boot.test.mock.mockito.MockitoTestExecutionListener@3676ac27, org.springframework.boot.test.autoconfigure.SpringBootDependencyInjectionTestExecutionListener@62f87c44, org.springframework.test.context.support.DirtiesContextTestExecutionListener@48f5bde6, org.springframework.test.context.event.EventPublishingTestExecutionListener@525d79f0, org.springframework.boot.test.autoconfigure.restdocs.RestDocsTestExecutionListener@5149f008, org.springframework.boot.test.autoconfigure.web.client.MockRestServiceServerResetTestExecutionListener@7072bc39, org.springframework.boot.test.autoconfigure.web.servlet.MockMvcPrintOnlyOnFailureTestExecutionListener@158d255c, org.springframework.boot.test.autoconfigure.web.servlet.WebDriverTestExecutionListener@2ca65ce4, org.springframework.boot.test.autoconfigure.webservices.client.MockWebServiceServerTestExecutionListener@327120c8, org.springframework.boot.test.mock.mockito.ResetMocksTestExecutionListener@5707c1cb]
17:13:35.335 [Test worker] DEBUG org.springframework.test.context.support.AbstractDirtiesContextTestExecutionListener - Before test class: context [DefaultTestContext@7646731d testClass = Spring0ApplicationTests, testInstance = [null], testMethod = [null], testException = [null], mergedContextConfiguration = [WebMergedContextConfiguration@70e29e14 testClass = Spring0ApplicationTests, locations = '{}', classes = '{class kdo6301.spring0.Spring0Application}', contextInitializerClasses = '[]', activeProfiles = '{}', propertySourceLocations = '{}', propertySourceProperties = '{org.springframework.boot.test.context.SpringBootTestContextBootstrapper=true}', contextCustomizers = set[org.springframework.boot.test.autoconfigure.actuate.metrics.MetricsExportContextCustomizerFactory$DisableMetricExportContextCustomizer@4795ded0, org.springframework.boot.test.autoconfigure.properties.PropertyMappingContextCustomizer@0, org.springframework.boot.test.autoconfigure.web.servlet.WebDriverContextCustomizerFactory$Customizer@4bc28c33, org.springframework.boot.test.context.filter.ExcludeFilterContextCustomizer@7ec3394b, org.springframework.boot.test.json.DuplicateJsonObjectContextCustomizerFactory$DuplicateJsonObjectContextCustomizer@246f8b8b, org.springframework.boot.test.mock.mockito.MockitoContextCustomizer@0, org.springframework.boot.test.web.client.TestRestTemplateContextCustomizer@5bd82fed, org.springframework.boot.test.context.SpringBootTestArgs@1, org.springframework.boot.test.context.SpringBootTestWebEnvironment@4f49f6af], resourceBasePath = 'src/main/webapp', contextLoader = 'org.springframework.boot.test.context.SpringBootContextLoader', parent = [null]], attributes = map['org.springframework.test.context.web.ServletTestExecutionListener.activateListener' -> true]], class annotated with @DirtiesContext [false] with mode [null].

  .   ____          _            __ _ _
 /\\ / ___'_ __ _ _(_)_ __  __ _ \ \ \ \
( ( )\___ | '_ | '_| | '_ \/ _` | \ \ \ \
 \\/  ___)| |_)| | | | | || (_| |  ) ) ) )
  '  |____| .__|_| |_|_| |_\__, | / / / /
 =========|_|==============|___/=/_/_/_/
 :: Spring Boot ::                (v2.7.7)

2023-01-12 17:13:35.919  INFO 52866 --- [    Test worker] kdo6301.spring0.Spring0ApplicationTests  : Starting Spring0ApplicationTests using Java 11.0.15.1 on Dw-3.local with PID 52866 (started by kdo6301 in /Users/kdo6301/Desktop/spring0)
2023-01-12 17:13:35.923  INFO 52866 --- [    Test worker] kdo6301.spring0.Spring0ApplicationTests  : No active profile set, falling back to 1 default profile: "default"
2023-01-12 17:13:38.232  INFO 52866 --- [    Test worker] o.s.b.a.w.s.WelcomePageHandlerMapping    : Adding welcome page: class path resource [static/index.html]
2023-01-12 17:13:38.633  INFO 52866 --- [    Test worker] kdo6301.spring0.Spring0ApplicationTests  : Started Spring0ApplicationTests in 3.241 seconds (JVM running for 4.979)
]]></system-out>
  <system-err><![CDATA[]]></system-err>
</testsuite>
